<?xml version="1.0" encoding="UTF-8"?>
<testsuite name="hexlet.code.AppApplicationTests" tests="1" skipped="0" failures="0" errors="0" timestamp="2023-06-02T13:30:27" hostname="MacBook-Pro-Sergej.local" time="0.143">
  <properties/>
  <testcase name="testInit()" classname="hexlet.code.AppApplicationTests" time="0.143"/>
  <system-out><![CDATA[]]></system-out>
  <system-err><![CDATA[]]></system-err>
</testsuite>
