<?xml version="1.0" encoding="UTF-8"?>
<testsuite name="hexlet.code.controller.TaskControllerIT" tests="9" skipped="0" failures="0" errors="0" timestamp="2023-06-02T13:30:51" hostname="MacBook-Pro-Sergej.local" time="3.445">
  <properties/>
  <testcase name="getTaskByFilterFail()" classname="hexlet.code.controller.TaskControllerIT" time="0.695"/>
  <testcase name="updateTask2()" classname="hexlet.code.controller.TaskControllerIT" time="0.32"/>
  <testcase name="updateTask()" classname="hexlet.code.controller.TaskControllerIT" time="0.572"/>
  <testcase name="getAllTask()" classname="hexlet.code.controller.TaskControllerIT" time="0.26"/>
  <testcase name="twiceRegTheSameTaskFail()" classname="hexlet.code.controller.TaskControllerIT" time="0.446"/>
  <testcase name="getTaskByFilter()" classname="hexlet.code.controller.TaskControllerIT" time="0.34"/>
  <testcase name="createTask()" classname="hexlet.code.controller.TaskControllerIT" time="0.217"/>
  <testcase name="getTaskById()" classname="hexlet.code.controller.TaskControllerIT" time="0.267"/>
  <testcase name="deleteTask()" classname="hexlet.code.controller.TaskControllerIT" time="0.258"/>
  <system-out><![CDATA[Hibernate: insert into users (id, created_at, email, first_name, last_name, password) values (default, ?, ?, ?, ?, ?)
Hibernate: insert into statuses (id, created_at, name) values (default, ?, ?)
Hibernate: insert into labels (id, created_at, name) values (default, ?, ?)
Hibernate: select u1_0.id,u1_0.created_at,u1_0.email,u1_0.first_name,u1_0.last_name,u1_0.password from users u1_0 where u1_0.email=?
Hibernate: select u1_0.id,u1_0.created_at,u1_0.email,u1_0.first_name,u1_0.last_name,u1_0.password from users u1_0 where u1_0.email=?
Hibernate: select t1_0.id,t1_0.created_at,t1_0.name from statuses t1_0 where t1_0.name=?
Hibernate: select l1_0.id,l1_0.created_at,l1_0.name from labels l1_0
Hibernate: select u1_0.id,u1_0.created_at,u1_0.email,u1_0.first_name,u1_0.last_name,u1_0.password from users u1_0 where u1_0.id=?
Hibernate: select l1_0.id,l1_0.created_at,l1_0.name from labels l1_0 where l1_0.id in(?)
Hibernate: select t1_0.id,t1_0.created_at,t1_0.name from statuses t1_0 where t1_0.id=?
Hibernate: insert into tasks (id, author_id, created_at, description, executor_id, name, task_status_id) values (default, ?, ?, ?, ?, ?, ?)
Hibernate: insert into tasks_labels (labels_id, task_id) values (?, ?)
Hibernate: select t1_0.id,t1_0.author_id,t1_0.created_at,t1_0.description,t1_0.executor_id,t1_0.name,t1_0.task_status_id from tasks t1_0
Hibernate: select u1_0.id,u1_0.created_at,u1_0.email,u1_0.first_name,u1_0.last_name,u1_0.password from users u1_0 where u1_0.id=?
Hibernate: select l1_0.labels_id,l1_1.id,l1_1.created_at,l1_1.name from tasks_labels l1_0 join labels l1_1 on l1_1.id=l1_0.task_id where l1_0.labels_id=?
Hibernate: select t1_0.id,t1_0.created_at,t1_0.name from statuses t1_0 where t1_0.id=?
Hibernate: select t1_0.id,t1_0.created_at,t1_0.name from statuses t1_0 where t1_0.id=?
Hibernate: select t1_0.id,t1_0.author_id,t1_0.created_at,t1_0.description,t1_0.executor_id,t1_0.name,t1_0.task_status_id from tasks t1_0 where t1_0.task_status_id is null
Hibernate: select t1_0.id,t1_0.author_id,t1_0.created_at,t1_0.description,t1_0.executor_id,t1_0.name,t1_0.task_status_id from tasks t1_0
Hibernate: select u1_0.id,u1_0.created_at,u1_0.email,u1_0.first_name,u1_0.last_name,u1_0.password from users u1_0 where u1_0.id=?
Hibernate: select l1_0.labels_id,l1_1.id,l1_1.created_at,l1_1.name from tasks_labels l1_0 join labels l1_1 on l1_1.id=l1_0.task_id where l1_0.labels_id=?
Hibernate: select t1_0.id,t1_0.created_at,t1_0.name from statuses t1_0 where t1_0.id=?
Hibernate: delete from tasks_labels where labels_id=?
Hibernate: delete from labels where id=?
Hibernate: delete from tasks where id=?
Hibernate: select l1_0.id,l1_0.created_at,l1_0.name from labels l1_0
Hibernate: select t1_0.id,t1_0.created_at,t1_0.name from statuses t1_0
Hibernate: delete from statuses where id=?
Hibernate: select u1_0.id,u1_0.created_at,u1_0.email,u1_0.first_name,u1_0.last_name,u1_0.password from users u1_0
Hibernate: delete from users where id=?
Hibernate: insert into users (id, created_at, email, first_name, last_name, password) values (default, ?, ?, ?, ?, ?)
Hibernate: insert into statuses (id, created_at, name) values (default, ?, ?)
Hibernate: insert into labels (id, created_at, name) values (default, ?, ?)
Hibernate: select u1_0.id,u1_0.created_at,u1_0.email,u1_0.first_name,u1_0.last_name,u1_0.password from users u1_0 where u1_0.email=?
Hibernate: select u1_0.id,u1_0.created_at,u1_0.email,u1_0.first_name,u1_0.last_name,u1_0.password from users u1_0 where u1_0.email=?
Hibernate: select t1_0.id,t1_0.created_at,t1_0.name from statuses t1_0 where t1_0.name=?
Hibernate: select l1_0.id,l1_0.created_at,l1_0.name from labels l1_0
Hibernate: select u1_0.id,u1_0.created_at,u1_0.email,u1_0.first_name,u1_0.last_name,u1_0.password from users u1_0 where u1_0.id=?
Hibernate: select l1_0.id,l1_0.created_at,l1_0.name from labels l1_0 where l1_0.id in(?)
Hibernate: select t1_0.id,t1_0.created_at,t1_0.name from statuses t1_0 where t1_0.id=?
Hibernate: insert into tasks (id, author_id, created_at, description, executor_id, name, task_status_id) values (default, ?, ?, ?, ?, ?, ?)
Hibernate: insert into tasks_labels (labels_id, task_id) values (?, ?)
Hibernate: select t1_0.id,t1_0.author_id,t1_0.created_at,t1_0.description,t1_0.executor_id,t1_0.name,t1_0.task_status_id from tasks t1_0
Hibernate: select u1_0.id,u1_0.created_at,u1_0.email,u1_0.first_name,u1_0.last_name,u1_0.password from users u1_0 where u1_0.id=?
Hibernate: select l1_0.labels_id,l1_1.id,l1_1.created_at,l1_1.name from tasks_labels l1_0 join labels l1_1 on l1_1.id=l1_0.task_id where l1_0.labels_id=?
Hibernate: select t1_0.id,t1_0.created_at,t1_0.name from statuses t1_0 where t1_0.id=?
Hibernate: select t1_0.id,a1_0.id,a1_0.created_at,a1_0.email,a1_0.first_name,a1_0.last_name,a1_0.password,t1_0.created_at,t1_0.description,e1_0.id,e1_0.created_at,e1_0.email,e1_0.first_name,e1_0.last_name,e1_0.password,l1_0.labels_id,l1_1.id,l1_1.created_at,l1_1.name,t1_0.name,t2_0.id,t2_0.created_at,t2_0.name from tasks t1_0 join users a1_0 on a1_0.id=t1_0.author_id left join users e1_0 on e1_0.id=t1_0.executor_id left join (tasks_labels l1_0 join labels l1_1 on l1_1.id=l1_0.task_id) on t1_0.id=l1_0.labels_id join statuses t2_0 on t2_0.id=t1_0.task_status_id where t1_0.id=?
Hibernate: update tasks set author_id=?, created_at=?, description=?, executor_id=?, name=?, task_status_id=? where id=?
Hibernate: delete from tasks_labels where labels_id=?
Hibernate: select t1_0.id,t1_0.author_id,t1_0.created_at,t1_0.description,t1_0.executor_id,t1_0.name,t1_0.task_status_id from tasks t1_0
Hibernate: select u1_0.id,u1_0.created_at,u1_0.email,u1_0.first_name,u1_0.last_name,u1_0.password from users u1_0 where u1_0.id=?
Hibernate: select l1_0.labels_id,l1_1.id,l1_1.created_at,l1_1.name from tasks_labels l1_0 join labels l1_1 on l1_1.id=l1_0.task_id where l1_0.labels_id=?
Hibernate: select t1_0.id,t1_0.created_at,t1_0.name from statuses t1_0 where t1_0.id=?
Hibernate: select t1_0.id,t1_0.author_id,t1_0.created_at,t1_0.description,t1_0.executor_id,t1_0.name,t1_0.task_status_id from tasks t1_0
Hibernate: select u1_0.id,u1_0.created_at,u1_0.email,u1_0.first_name,u1_0.last_name,u1_0.password from users u1_0 where u1_0.id=?
Hibernate: select l1_0.labels_id,l1_1.id,l1_1.created_at,l1_1.name from tasks_labels l1_0 join labels l1_1 on l1_1.id=l1_0.task_id where l1_0.labels_id=?
Hibernate: select t1_0.id,t1_0.created_at,t1_0.name from statuses t1_0 where t1_0.id=?
Hibernate: delete from tasks where id=?
Hibernate: select l1_0.id,l1_0.created_at,l1_0.name from labels l1_0
Hibernate: delete from labels where id=?
Hibernate: select t1_0.id,t1_0.created_at,t1_0.name from statuses t1_0
Hibernate: delete from statuses where id=?
Hibernate: select u1_0.id,u1_0.created_at,u1_0.email,u1_0.first_name,u1_0.last_name,u1_0.password from users u1_0
Hibernate: delete from users where id=?
Hibernate: insert into users (id, created_at, email, first_name, last_name, password) values (default, ?, ?, ?, ?, ?)
Hibernate: insert into statuses (id, created_at, name) values (default, ?, ?)
Hibernate: insert into labels (id, created_at, name) values (default, ?, ?)
Hibernate: select u1_0.id,u1_0.created_at,u1_0.email,u1_0.first_name,u1_0.last_name,u1_0.password from users u1_0 where u1_0.email=?
Hibernate: select u1_0.id,u1_0.created_at,u1_0.email,u1_0.first_name,u1_0.last_name,u1_0.password from users u1_0 where u1_0.email=?
Hibernate: select t1_0.id,t1_0.created_at,t1_0.name from statuses t1_0 where t1_0.name=?
Hibernate: select l1_0.id,l1_0.created_at,l1_0.name from labels l1_0
Hibernate: select u1_0.id,u1_0.created_at,u1_0.email,u1_0.first_name,u1_0.last_name,u1_0.password from users u1_0 where u1_0.id=?
Hibernate: select l1_0.id,l1_0.created_at,l1_0.name from labels l1_0 where l1_0.id in(?)
Hibernate: select t1_0.id,t1_0.created_at,t1_0.name from statuses t1_0 where t1_0.id=?
Hibernate: insert into tasks (id, author_id, created_at, description, executor_id, name, task_status_id) values (default, ?, ?, ?, ?, ?, ?)
Hibernate: insert into tasks_labels (labels_id, task_id) values (?, ?)
Hibernate: select t1_0.id,t1_0.author_id,t1_0.created_at,t1_0.description,t1_0.executor_id,t1_0.name,t1_0.task_status_id from tasks t1_0
Hibernate: select u1_0.id,u1_0.created_at,u1_0.email,u1_0.first_name,u1_0.last_name,u1_0.password from users u1_0 where u1_0.id=?
Hibernate: select l1_0.labels_id,l1_1.id,l1_1.created_at,l1_1.name from tasks_labels l1_0 join labels l1_1 on l1_1.id=l1_0.task_id where l1_0.labels_id=?
Hibernate: select t1_0.id,t1_0.created_at,t1_0.name from statuses t1_0 where t1_0.id=?
Hibernate: select t1_0.id,a1_0.id,a1_0.created_at,a1_0.email,a1_0.first_name,a1_0.last_name,a1_0.password,t1_0.created_at,t1_0.description,e1_0.id,e1_0.created_at,e1_0.email,e1_0.first_name,e1_0.last_name,e1_0.password,l1_0.labels_id,l1_1.id,l1_1.created_at,l1_1.name,t1_0.name,t2_0.id,t2_0.created_at,t2_0.name from tasks t1_0 join users a1_0 on a1_0.id=t1_0.author_id left join users e1_0 on e1_0.id=t1_0.executor_id left join (tasks_labels l1_0 join labels l1_1 on l1_1.id=l1_0.task_id) on t1_0.id=l1_0.labels_id join statuses t2_0 on t2_0.id=t1_0.task_status_id where t1_0.id=?
Hibernate: select l1_0.id,l1_0.created_at,l1_0.name from labels l1_0 where l1_0.id in(?)
Hibernate: update tasks set author_id=?, created_at=?, description=?, executor_id=?, name=?, task_status_id=? where id=?
Hibernate: delete from tasks_labels where labels_id=?
Hibernate: insert into tasks_labels (labels_id, task_id) values (?, ?)
Hibernate: select t1_0.id,t1_0.author_id,t1_0.created_at,t1_0.description,t1_0.executor_id,t1_0.name,t1_0.task_status_id from tasks t1_0
Hibernate: select u1_0.id,u1_0.created_at,u1_0.email,u1_0.first_name,u1_0.last_name,u1_0.password from users u1_0 where u1_0.id=?
Hibernate: select l1_0.labels_id,l1_1.id,l1_1.created_at,l1_1.name from tasks_labels l1_0 join labels l1_1 on l1_1.id=l1_0.task_id where l1_0.labels_id=?
Hibernate: select t1_0.id,t1_0.created_at,t1_0.name from statuses t1_0 where t1_0.id=?
Hibernate: select count(*) from tasks t1_0
Hibernate: select t1_0.id,t1_0.author_id,t1_0.created_at,t1_0.description,t1_0.executor_id,t1_0.name,t1_0.task_status_id from tasks t1_0
Hibernate: select u1_0.id,u1_0.created_at,u1_0.email,u1_0.first_name,u1_0.last_name,u1_0.password from users u1_0 where u1_0.id=?
Hibernate: select l1_0.labels_id,l1_1.id,l1_1.created_at,l1_1.name from tasks_labels l1_0 join labels l1_1 on l1_1.id=l1_0.task_id where l1_0.labels_id=?
Hibernate: select t1_0.id,t1_0.created_at,t1_0.name from statuses t1_0 where t1_0.id=?
Hibernate: delete from tasks_labels where labels_id=?
Hibernate: delete from labels where id=?
Hibernate: delete from tasks where id=?
Hibernate: select l1_0.id,l1_0.created_at,l1_0.name from labels l1_0
Hibernate: select t1_0.id,t1_0.created_at,t1_0.name from statuses t1_0
Hibernate: delete from statuses where id=?
Hibernate: select u1_0.id,u1_0.created_at,u1_0.email,u1_0.first_name,u1_0.last_name,u1_0.password from users u1_0
Hibernate: delete from users where id=?
Hibernate: insert into users (id, created_at, email, first_name, last_name, password) values (default, ?, ?, ?, ?, ?)
Hibernate: insert into statuses (id, created_at, name) values (default, ?, ?)
Hibernate: insert into labels (id, created_at, name) values (default, ?, ?)
Hibernate: select u1_0.id,u1_0.created_at,u1_0.email,u1_0.first_name,u1_0.last_name,u1_0.password from users u1_0 where u1_0.email=?
Hibernate: select u1_0.id,u1_0.created_at,u1_0.email,u1_0.first_name,u1_0.last_name,u1_0.password from users u1_0 where u1_0.email=?
Hibernate: select t1_0.id,t1_0.created_at,t1_0.name from statuses t1_0 where t1_0.name=?
Hibernate: select l1_0.id,l1_0.created_at,l1_0.name from labels l1_0
Hibernate: select u1_0.id,u1_0.created_at,u1_0.email,u1_0.first_name,u1_0.last_name,u1_0.password from users u1_0 where u1_0.id=?
Hibernate: select l1_0.id,l1_0.created_at,l1_0.name from labels l1_0 where l1_0.id in(?)
Hibernate: select t1_0.id,t1_0.created_at,t1_0.name from statuses t1_0 where t1_0.id=?
Hibernate: insert into tasks (id, author_id, created_at, description, executor_id, name, task_status_id) values (default, ?, ?, ?, ?, ?, ?)
Hibernate: insert into tasks_labels (labels_id, task_id) values (?, ?)
Hibernate: select t1_0.id,t1_0.author_id,t1_0.created_at,t1_0.description,t1_0.executor_id,t1_0.name,t1_0.task_status_id from tasks t1_0
Hibernate: select u1_0.id,u1_0.created_at,u1_0.email,u1_0.first_name,u1_0.last_name,u1_0.password from users u1_0 where u1_0.id=?
Hibernate: select l1_0.labels_id,l1_1.id,l1_1.created_at,l1_1.name from tasks_labels l1_0 join labels l1_1 on l1_1.id=l1_0.task_id where l1_0.labels_id=?
Hibernate: select t1_0.id,t1_0.created_at,t1_0.name from statuses t1_0 where t1_0.id=?
Hibernate: select t1_0.id,t1_0.author_id,t1_0.created_at,t1_0.description,t1_0.executor_id,t1_0.name,t1_0.task_status_id from tasks t1_0
Hibernate: select u1_0.id,u1_0.created_at,u1_0.email,u1_0.first_name,u1_0.last_name,u1_0.password from users u1_0 where u1_0.id=?
Hibernate: select l1_0.labels_id,l1_1.id,l1_1.created_at,l1_1.name from tasks_labels l1_0 join labels l1_1 on l1_1.id=l1_0.task_id where l1_0.labels_id=?
Hibernate: select t1_0.id,t1_0.created_at,t1_0.name from statuses t1_0 where t1_0.id=?
Hibernate: delete from tasks_labels where labels_id=?
Hibernate: delete from labels where id=?
Hibernate: delete from tasks where id=?
Hibernate: select l1_0.id,l1_0.created_at,l1_0.name from labels l1_0
Hibernate: select t1_0.id,t1_0.created_at,t1_0.name from statuses t1_0
Hibernate: delete from statuses where id=?
Hibernate: select u1_0.id,u1_0.created_at,u1_0.email,u1_0.first_name,u1_0.last_name,u1_0.password from users u1_0
Hibernate: delete from users where id=?
Hibernate: insert into users (id, created_at, email, first_name, last_name, password) values (default, ?, ?, ?, ?, ?)
Hibernate: insert into statuses (id, created_at, name) values (default, ?, ?)
Hibernate: insert into labels (id, created_at, name) values (default, ?, ?)
Hibernate: select u1_0.id,u1_0.created_at,u1_0.email,u1_0.first_name,u1_0.last_name,u1_0.password from users u1_0 where u1_0.email=?
Hibernate: select u1_0.id,u1_0.created_at,u1_0.email,u1_0.first_name,u1_0.last_name,u1_0.password from users u1_0 where u1_0.email=?
Hibernate: select t1_0.id,t1_0.created_at,t1_0.name from statuses t1_0 where t1_0.name=?
Hibernate: select l1_0.id,l1_0.created_at,l1_0.name from labels l1_0
Hibernate: select u1_0.id,u1_0.created_at,u1_0.email,u1_0.first_name,u1_0.last_name,u1_0.password from users u1_0 where u1_0.id=?
Hibernate: select l1_0.id,l1_0.created_at,l1_0.name from labels l1_0 where l1_0.id in(?)
Hibernate: select t1_0.id,t1_0.created_at,t1_0.name from statuses t1_0 where t1_0.id=?
Hibernate: insert into tasks (id, author_id, created_at, description, executor_id, name, task_status_id) values (default, ?, ?, ?, ?, ?, ?)
Hibernate: insert into tasks_labels (labels_id, task_id) values (?, ?)
Hibernate: insert into users (id, created_at, email, first_name, last_name, password) values (default, ?, ?, ?, ?, ?)
2023-06-02T23:30:53.465+10:00  WARN 48273 --- [    Test worker] o.h.engine.jdbc.spi.SqlExceptionHelper   : SQL Error: 23505, SQLState: 23505
2023-06-02T23:30:53.468+10:00 ERROR 48273 --- [    Test worker] o.h.engine.jdbc.spi.SqlExceptionHelper   : Нарушение уникального индекса или первичного ключа: "PUBLIC.UK_6DOTKOTT2KJSP8VW4D0M25FB7_INDEX_4 ON PUBLIC.USERS(EMAIL) VALUES 10"
Unique index or primary key violation: "PUBLIC.UK_6DOTKOTT2KJSP8VW4D0M25FB7_INDEX_4 ON PUBLIC.USERS(EMAIL) VALUES 10"; SQL statement:
insert into users (id, created_at, email, first_name, last_name, password) values (default, ?, ?, ?, ?, ?) [23505-200]
Hibernate: insert into statuses (id, created_at, name) values (default, ?, ?)
2023-06-02T23:30:53.494+10:00  WARN 48273 --- [    Test worker] o.h.engine.jdbc.spi.SqlExceptionHelper   : SQL Error: 23505, SQLState: 23505
2023-06-02T23:30:53.495+10:00 ERROR 48273 --- [    Test worker] o.h.engine.jdbc.spi.SqlExceptionHelper   : Нарушение уникального индекса или первичного ключа: "PUBLIC.UK_9OB63RKQG8PPAON1L37W8ID2P_INDEX_7 ON PUBLIC.STATUSES(NAME) VALUES 7"
Unique index or primary key violation: "PUBLIC.UK_9OB63RKQG8PPAON1L37W8ID2P_INDEX_7 ON PUBLIC.STATUSES(NAME) VALUES 7"; SQL statement:
insert into statuses (id, created_at, name) values (default, ?, ?) [23505-200]
Hibernate: insert into labels (id, created_at, name) values (default, ?, ?)
2023-06-02T23:30:53.517+10:00  WARN 48273 --- [    Test worker] o.h.engine.jdbc.spi.SqlExceptionHelper   : SQL Error: 23505, SQLState: 23505
2023-06-02T23:30:53.517+10:00 ERROR 48273 --- [    Test worker] o.h.engine.jdbc.spi.SqlExceptionHelper   : Нарушение уникального индекса или первичного ключа: "PUBLIC.UK_OTPIRYGK7H1HMO02W999F7KMP_INDEX_8 ON PUBLIC.LABELS(NAME) VALUES 13"
Unique index or primary key violation: "PUBLIC.UK_OTPIRYGK7H1HMO02W999F7KMP_INDEX_8 ON PUBLIC.LABELS(NAME) VALUES 13"; SQL statement:
insert into labels (id, created_at, name) values (default, ?, ?) [23505-200]
Hibernate: select u1_0.id,u1_0.created_at,u1_0.email,u1_0.first_name,u1_0.last_name,u1_0.password from users u1_0 where u1_0.email=?
Hibernate: select u1_0.id,u1_0.created_at,u1_0.email,u1_0.first_name,u1_0.last_name,u1_0.password from users u1_0 where u1_0.email=?
Hibernate: select t1_0.id,t1_0.created_at,t1_0.name from statuses t1_0 where t1_0.name=?
Hibernate: select l1_0.id,l1_0.created_at,l1_0.name from labels l1_0
Hibernate: select u1_0.id,u1_0.created_at,u1_0.email,u1_0.first_name,u1_0.last_name,u1_0.password from users u1_0 where u1_0.id=?
Hibernate: select l1_0.id,l1_0.created_at,l1_0.name from labels l1_0 where l1_0.id in(?)
Hibernate: select t1_0.id,t1_0.created_at,t1_0.name from statuses t1_0 where t1_0.id=?
Hibernate: insert into tasks (id, author_id, created_at, description, executor_id, name, task_status_id) values (default, ?, ?, ?, ?, ?, ?)
2023-06-02T23:30:53.564+10:00  WARN 48273 --- [    Test worker] o.h.engine.jdbc.spi.SqlExceptionHelper   : SQL Error: 23505, SQLState: 23505
2023-06-02T23:30:53.564+10:00 ERROR 48273 --- [    Test worker] o.h.engine.jdbc.spi.SqlExceptionHelper   : Нарушение уникального индекса или первичного ключа: "PUBLIC.UK_S90MH6056FM69W0ILWKA74VUT_INDEX_4 ON PUBLIC.TASKS(NAME) VALUES 5"
Unique index or primary key violation: "PUBLIC.UK_S90MH6056FM69W0ILWKA74VUT_INDEX_4 ON PUBLIC.TASKS(NAME) VALUES 5"; SQL statement:
insert into tasks (id, author_id, created_at, description, executor_id, name, task_status_id) values (default, ?, ?, ?, ?, ?, ?) [23505-200]
Hibernate: select t1_0.id,t1_0.author_id,t1_0.created_at,t1_0.description,t1_0.executor_id,t1_0.name,t1_0.task_status_id from tasks t1_0
Hibernate: select u1_0.id,u1_0.created_at,u1_0.email,u1_0.first_name,u1_0.last_name,u1_0.password from users u1_0 where u1_0.id=?
Hibernate: select l1_0.labels_id,l1_1.id,l1_1.created_at,l1_1.name from tasks_labels l1_0 join labels l1_1 on l1_1.id=l1_0.task_id where l1_0.labels_id=?
Hibernate: select t1_0.id,t1_0.created_at,t1_0.name from statuses t1_0 where t1_0.id=?
Hibernate: delete from tasks_labels where labels_id=?
Hibernate: delete from labels where id=?
Hibernate: delete from tasks where id=?
Hibernate: select l1_0.id,l1_0.created_at,l1_0.name from labels l1_0
Hibernate: select t1_0.id,t1_0.created_at,t1_0.name from statuses t1_0
Hibernate: delete from statuses where id=?
Hibernate: select u1_0.id,u1_0.created_at,u1_0.email,u1_0.first_name,u1_0.last_name,u1_0.password from users u1_0
Hibernate: delete from users where id=?
Hibernate: insert into users (id, created_at, email, first_name, last_name, password) values (default, ?, ?, ?, ?, ?)
Hibernate: insert into statuses (id, created_at, name) values (default, ?, ?)
Hibernate: insert into labels (id, created_at, name) values (default, ?, ?)
Hibernate: select u1_0.id,u1_0.created_at,u1_0.email,u1_0.first_name,u1_0.last_name,u1_0.password from users u1_0 where u1_0.email=?
Hibernate: select u1_0.id,u1_0.created_at,u1_0.email,u1_0.first_name,u1_0.last_name,u1_0.password from users u1_0 where u1_0.email=?
Hibernate: select t1_0.id,t1_0.created_at,t1_0.name from statuses t1_0 where t1_0.name=?
Hibernate: select l1_0.id,l1_0.created_at,l1_0.name from labels l1_0
Hibernate: select u1_0.id,u1_0.created_at,u1_0.email,u1_0.first_name,u1_0.last_name,u1_0.password from users u1_0 where u1_0.id=?
Hibernate: select l1_0.id,l1_0.created_at,l1_0.name from labels l1_0 where l1_0.id in(?)
Hibernate: select t1_0.id,t1_0.created_at,t1_0.name from statuses t1_0 where t1_0.id=?
Hibernate: insert into tasks (id, author_id, created_at, description, executor_id, name, task_status_id) values (default, ?, ?, ?, ?, ?, ?)
Hibernate: insert into tasks_labels (labels_id, task_id) values (?, ?)
Hibernate: select t1_0.id,t1_0.author_id,t1_0.created_at,t1_0.description,t1_0.executor_id,t1_0.name,t1_0.task_status_id from tasks t1_0
Hibernate: select u1_0.id,u1_0.created_at,u1_0.email,u1_0.first_name,u1_0.last_name,u1_0.password from users u1_0 where u1_0.id=?
Hibernate: select l1_0.labels_id,l1_1.id,l1_1.created_at,l1_1.name from tasks_labels l1_0 join labels l1_1 on l1_1.id=l1_0.task_id where l1_0.labels_id=?
Hibernate: select t1_0.id,t1_0.created_at,t1_0.name from statuses t1_0 where t1_0.id=?
Hibernate: select t1_0.id,t1_0.author_id,t1_0.created_at,t1_0.description,t1_0.executor_id,t1_0.name,t1_0.task_status_id from tasks t1_0
Hibernate: select u1_0.id,u1_0.created_at,u1_0.email,u1_0.first_name,u1_0.last_name,u1_0.password from users u1_0 where u1_0.id=?
Hibernate: select l1_0.labels_id,l1_1.id,l1_1.created_at,l1_1.name from tasks_labels l1_0 join labels l1_1 on l1_1.id=l1_0.task_id where l1_0.labels_id=?
Hibernate: select t1_0.id,t1_0.created_at,t1_0.name from statuses t1_0 where t1_0.id=?
Hibernate: select t1_0.id,t1_0.created_at,t1_0.name from statuses t1_0 where t1_0.id=?
Hibernate: select t1_0.id,t1_0.author_id,t1_0.created_at,t1_0.description,t1_0.executor_id,t1_0.name,t1_0.task_status_id from tasks t1_0 where t1_0.task_status_id=? and t1_0.executor_id=?
Hibernate: select u1_0.id,u1_0.created_at,u1_0.email,u1_0.first_name,u1_0.last_name,u1_0.password from users u1_0 where u1_0.id=?
Hibernate: select l1_0.labels_id,l1_1.id,l1_1.created_at,l1_1.name from tasks_labels l1_0 join labels l1_1 on l1_1.id=l1_0.task_id where l1_0.labels_id=?
Hibernate: select t1_0.id,t1_0.author_id,t1_0.created_at,t1_0.description,t1_0.executor_id,t1_0.name,t1_0.task_status_id from tasks t1_0
Hibernate: select u1_0.id,u1_0.created_at,u1_0.email,u1_0.first_name,u1_0.last_name,u1_0.password from users u1_0 where u1_0.id=?
Hibernate: select l1_0.labels_id,l1_1.id,l1_1.created_at,l1_1.name from tasks_labels l1_0 join labels l1_1 on l1_1.id=l1_0.task_id where l1_0.labels_id=?
Hibernate: select t1_0.id,t1_0.created_at,t1_0.name from statuses t1_0 where t1_0.id=?
Hibernate: delete from tasks_labels where labels_id=?
Hibernate: delete from labels where id=?
Hibernate: delete from tasks where id=?
Hibernate: select l1_0.id,l1_0.created_at,l1_0.name from labels l1_0
Hibernate: select t1_0.id,t1_0.created_at,t1_0.name from statuses t1_0
Hibernate: delete from statuses where id=?
Hibernate: select u1_0.id,u1_0.created_at,u1_0.email,u1_0.first_name,u1_0.last_name,u1_0.password from users u1_0
Hibernate: delete from users where id=?
Hibernate: select count(*) from tasks t1_0
Hibernate: insert into users (id, created_at, email, first_name, last_name, password) values (default, ?, ?, ?, ?, ?)
Hibernate: insert into statuses (id, created_at, name) values (default, ?, ?)
Hibernate: insert into labels (id, created_at, name) values (default, ?, ?)
Hibernate: select u1_0.id,u1_0.created_at,u1_0.email,u1_0.first_name,u1_0.last_name,u1_0.password from users u1_0 where u1_0.email=?
Hibernate: select u1_0.id,u1_0.created_at,u1_0.email,u1_0.first_name,u1_0.last_name,u1_0.password from users u1_0 where u1_0.email=?
Hibernate: select t1_0.id,t1_0.created_at,t1_0.name from statuses t1_0 where t1_0.name=?
Hibernate: select l1_0.id,l1_0.created_at,l1_0.name from labels l1_0
Hibernate: select u1_0.id,u1_0.created_at,u1_0.email,u1_0.first_name,u1_0.last_name,u1_0.password from users u1_0 where u1_0.id=?
Hibernate: select l1_0.id,l1_0.created_at,l1_0.name from labels l1_0 where l1_0.id in(?)
Hibernate: select t1_0.id,t1_0.created_at,t1_0.name from statuses t1_0 where t1_0.id=?
Hibernate: insert into tasks (id, author_id, created_at, description, executor_id, name, task_status_id) values (default, ?, ?, ?, ?, ?, ?)
Hibernate: insert into tasks_labels (labels_id, task_id) values (?, ?)
Hibernate: select count(*) from tasks t1_0
Hibernate: select t1_0.id,t1_0.author_id,t1_0.created_at,t1_0.description,t1_0.executor_id,t1_0.name,t1_0.task_status_id from tasks t1_0
Hibernate: select u1_0.id,u1_0.created_at,u1_0.email,u1_0.first_name,u1_0.last_name,u1_0.password from users u1_0 where u1_0.id=?
Hibernate: select l1_0.labels_id,l1_1.id,l1_1.created_at,l1_1.name from tasks_labels l1_0 join labels l1_1 on l1_1.id=l1_0.task_id where l1_0.labels_id=?
Hibernate: select t1_0.id,t1_0.created_at,t1_0.name from statuses t1_0 where t1_0.id=?
Hibernate: delete from tasks_labels where labels_id=?
Hibernate: delete from labels where id=?
Hibernate: delete from tasks where id=?
Hibernate: select l1_0.id,l1_0.created_at,l1_0.name from labels l1_0
Hibernate: select t1_0.id,t1_0.created_at,t1_0.name from statuses t1_0
Hibernate: delete from statuses where id=?
Hibernate: select u1_0.id,u1_0.created_at,u1_0.email,u1_0.first_name,u1_0.last_name,u1_0.password from users u1_0
Hibernate: delete from users where id=?
Hibernate: insert into users (id, created_at, email, first_name, last_name, password) values (default, ?, ?, ?, ?, ?)
Hibernate: insert into statuses (id, created_at, name) values (default, ?, ?)
Hibernate: insert into labels (id, created_at, name) values (default, ?, ?)
Hibernate: select u1_0.id,u1_0.created_at,u1_0.email,u1_0.first_name,u1_0.last_name,u1_0.password from users u1_0 where u1_0.email=?
Hibernate: select u1_0.id,u1_0.created_at,u1_0.email,u1_0.first_name,u1_0.last_name,u1_0.password from users u1_0 where u1_0.email=?
Hibernate: select t1_0.id,t1_0.created_at,t1_0.name from statuses t1_0 where t1_0.name=?
Hibernate: select l1_0.id,l1_0.created_at,l1_0.name from labels l1_0
Hibernate: select u1_0.id,u1_0.created_at,u1_0.email,u1_0.first_name,u1_0.last_name,u1_0.password from users u1_0 where u1_0.id=?
Hibernate: select l1_0.id,l1_0.created_at,l1_0.name from labels l1_0 where l1_0.id in(?)
Hibernate: select t1_0.id,t1_0.created_at,t1_0.name from statuses t1_0 where t1_0.id=?
Hibernate: insert into tasks (id, author_id, created_at, description, executor_id, name, task_status_id) values (default, ?, ?, ?, ?, ?, ?)
Hibernate: insert into tasks_labels (labels_id, task_id) values (?, ?)
Hibernate: select t1_0.id,t1_0.author_id,t1_0.created_at,t1_0.description,t1_0.executor_id,t1_0.name,t1_0.task_status_id from tasks t1_0
Hibernate: select u1_0.id,u1_0.created_at,u1_0.email,u1_0.first_name,u1_0.last_name,u1_0.password from users u1_0 where u1_0.id=?
Hibernate: select l1_0.labels_id,l1_1.id,l1_1.created_at,l1_1.name from tasks_labels l1_0 join labels l1_1 on l1_1.id=l1_0.task_id where l1_0.labels_id=?
Hibernate: select t1_0.id,t1_0.created_at,t1_0.name from statuses t1_0 where t1_0.id=?
Hibernate: select t1_0.id,a1_0.id,a1_0.created_at,a1_0.email,a1_0.first_name,a1_0.last_name,a1_0.password,t1_0.created_at,t1_0.description,e1_0.id,e1_0.created_at,e1_0.email,e1_0.first_name,e1_0.last_name,e1_0.password,l1_0.labels_id,l1_1.id,l1_1.created_at,l1_1.name,t1_0.name,t2_0.id,t2_0.created_at,t2_0.name from tasks t1_0 join users a1_0 on a1_0.id=t1_0.author_id left join users e1_0 on e1_0.id=t1_0.executor_id left join (tasks_labels l1_0 join labels l1_1 on l1_1.id=l1_0.task_id) on t1_0.id=l1_0.labels_id join statuses t2_0 on t2_0.id=t1_0.task_status_id where t1_0.id=?
Hibernate: select t1_0.id,t1_0.author_id,t1_0.created_at,t1_0.description,t1_0.executor_id,t1_0.name,t1_0.task_status_id from tasks t1_0
Hibernate: select u1_0.id,u1_0.created_at,u1_0.email,u1_0.first_name,u1_0.last_name,u1_0.password from users u1_0 where u1_0.id=?
Hibernate: select l1_0.labels_id,l1_1.id,l1_1.created_at,l1_1.name from tasks_labels l1_0 join labels l1_1 on l1_1.id=l1_0.task_id where l1_0.labels_id=?
Hibernate: select t1_0.id,t1_0.created_at,t1_0.name from statuses t1_0 where t1_0.id=?
Hibernate: delete from tasks_labels where labels_id=?
Hibernate: delete from labels where id=?
Hibernate: delete from tasks where id=?
Hibernate: select l1_0.id,l1_0.created_at,l1_0.name from labels l1_0
Hibernate: select t1_0.id,t1_0.created_at,t1_0.name from statuses t1_0
Hibernate: delete from statuses where id=?
Hibernate: select u1_0.id,u1_0.created_at,u1_0.email,u1_0.first_name,u1_0.last_name,u1_0.password from users u1_0
Hibernate: delete from users where id=?
Hibernate: insert into users (id, created_at, email, first_name, last_name, password) values (default, ?, ?, ?, ?, ?)
Hibernate: insert into statuses (id, created_at, name) values (default, ?, ?)
Hibernate: insert into labels (id, created_at, name) values (default, ?, ?)
Hibernate: select u1_0.id,u1_0.created_at,u1_0.email,u1_0.first_name,u1_0.last_name,u1_0.password from users u1_0 where u1_0.email=?
Hibernate: select u1_0.id,u1_0.created_at,u1_0.email,u1_0.first_name,u1_0.last_name,u1_0.password from users u1_0 where u1_0.email=?
Hibernate: select t1_0.id,t1_0.created_at,t1_0.name from statuses t1_0 where t1_0.name=?
Hibernate: select l1_0.id,l1_0.created_at,l1_0.name from labels l1_0
Hibernate: select u1_0.id,u1_0.created_at,u1_0.email,u1_0.first_name,u1_0.last_name,u1_0.password from users u1_0 where u1_0.id=?
Hibernate: select l1_0.id,l1_0.created_at,l1_0.name from labels l1_0 where l1_0.id in(?)
Hibernate: select t1_0.id,t1_0.created_at,t1_0.name from statuses t1_0 where t1_0.id=?
Hibernate: insert into tasks (id, author_id, created_at, description, executor_id, name, task_status_id) values (default, ?, ?, ?, ?, ?, ?)
Hibernate: insert into tasks_labels (labels_id, task_id) values (?, ?)
Hibernate: select count(*) from tasks t1_0
Hibernate: select t1_0.id,t1_0.author_id,t1_0.created_at,t1_0.description,t1_0.executor_id,t1_0.name,t1_0.task_status_id from tasks t1_0
Hibernate: select u1_0.id,u1_0.created_at,u1_0.email,u1_0.first_name,u1_0.last_name,u1_0.password from users u1_0 where u1_0.id=?
Hibernate: select l1_0.labels_id,l1_1.id,l1_1.created_at,l1_1.name from tasks_labels l1_0 join labels l1_1 on l1_1.id=l1_0.task_id where l1_0.labels_id=?
Hibernate: select t1_0.id,t1_0.created_at,t1_0.name from statuses t1_0 where t1_0.id=?
Hibernate: select t1_0.id,a1_0.id,a1_0.created_at,a1_0.email,a1_0.first_name,a1_0.last_name,a1_0.password,t1_0.created_at,t1_0.description,e1_0.id,e1_0.created_at,e1_0.email,e1_0.first_name,e1_0.last_name,e1_0.password,l1_0.labels_id,l1_1.id,l1_1.created_at,l1_1.name,t1_0.name,t2_0.id,t2_0.created_at,t2_0.name from tasks t1_0 join users a1_0 on a1_0.id=t1_0.author_id left join users e1_0 on e1_0.id=t1_0.executor_id left join (tasks_labels l1_0 join labels l1_1 on l1_1.id=l1_0.task_id) on t1_0.id=l1_0.labels_id join statuses t2_0 on t2_0.id=t1_0.task_status_id where t1_0.id=?
Hibernate: delete from tasks_labels where labels_id=?
Hibernate: delete from labels where id=?
Hibernate: delete from tasks where id=?
Hibernate: select count(*) from tasks t1_0
Hibernate: select t1_0.id,t1_0.author_id,t1_0.created_at,t1_0.description,t1_0.executor_id,t1_0.name,t1_0.task_status_id from tasks t1_0
Hibernate: select l1_0.id,l1_0.created_at,l1_0.name from labels l1_0
Hibernate: select t1_0.id,t1_0.created_at,t1_0.name from statuses t1_0
Hibernate: delete from statuses where id=?
Hibernate: select u1_0.id,u1_0.created_at,u1_0.email,u1_0.first_name,u1_0.last_name,u1_0.password from users u1_0
Hibernate: delete from users where id=?
]]></system-out>
  <system-err><![CDATA[]]></system-err>
</testsuite>
