<?xml version="1.0" encoding="UTF-8"?>
<testsuite name="hexlet.code.controller.UserControllerIT" tests="11" skipped="0" failures="0" errors="0" timestamp="2023-06-02T13:30:55" hostname="MacBook-Pro-Sergej.local" time="2.153">
  <properties/>
  <testcase name="loginFail()" classname="hexlet.code.controller.UserControllerIT" time="0.224"/>
  <testcase name="registration()" classname="hexlet.code.controller.UserControllerIT" time="0.126"/>
  <testcase name="getAllUsers()" classname="hexlet.code.controller.UserControllerIT" time="0.119"/>
  <testcase name="updateUser()" classname="hexlet.code.controller.UserControllerIT" time="0.277"/>
  <testcase name="login()" classname="hexlet.code.controller.UserControllerIT" time="0.228"/>
  <testcase name="updateUserFail()" classname="hexlet.code.controller.UserControllerIT" time="0.229"/>
  <testcase name="deleteUserFails()" classname="hexlet.code.controller.UserControllerIT" time="0.231"/>
  <testcase name="twiceRegTheSameUserFail()" classname="hexlet.code.controller.UserControllerIT" time="0.217"/>
  <testcase name="deleteUser()" classname="hexlet.code.controller.UserControllerIT" time="0.153"/>
  <testcase name="getUserById()" classname="hexlet.code.controller.UserControllerIT" time="0.149"/>
  <testcase name="getUserByIdFail()" classname="hexlet.code.controller.UserControllerIT" time="0.184"/>
  <system-out><![CDATA[Hibernate: select u1_0.id,u1_0.created_at,u1_0.email,u1_0.first_name,u1_0.last_name,u1_0.password from users u1_0 where u1_0.email=?
Hibernate: select t1_0.id,t1_0.author_id,t1_0.created_at,t1_0.description,t1_0.executor_id,t1_0.name,t1_0.task_status_id from tasks t1_0
Hibernate: select l1_0.id,l1_0.created_at,l1_0.name from labels l1_0
Hibernate: select t1_0.id,t1_0.created_at,t1_0.name from statuses t1_0
Hibernate: select u1_0.id,u1_0.created_at,u1_0.email,u1_0.first_name,u1_0.last_name,u1_0.password from users u1_0
Hibernate: select count(*) from users u1_0
Hibernate: insert into users (id, created_at, email, first_name, last_name, password) values (default, ?, ?, ?, ?, ?)
Hibernate: select count(*) from users u1_0
Hibernate: select t1_0.id,t1_0.author_id,t1_0.created_at,t1_0.description,t1_0.executor_id,t1_0.name,t1_0.task_status_id from tasks t1_0
Hibernate: select l1_0.id,l1_0.created_at,l1_0.name from labels l1_0
Hibernate: select t1_0.id,t1_0.created_at,t1_0.name from statuses t1_0
Hibernate: select u1_0.id,u1_0.created_at,u1_0.email,u1_0.first_name,u1_0.last_name,u1_0.password from users u1_0
Hibernate: delete from users where id=?
Hibernate: insert into users (id, created_at, email, first_name, last_name, password) values (default, ?, ?, ?, ?, ?)
Hibernate: select u1_0.id,u1_0.created_at,u1_0.email,u1_0.first_name,u1_0.last_name,u1_0.password from users u1_0
Hibernate: select t1_0.id,t1_0.author_id,t1_0.created_at,t1_0.description,t1_0.executor_id,t1_0.name,t1_0.task_status_id from tasks t1_0
Hibernate: select l1_0.id,l1_0.created_at,l1_0.name from labels l1_0
Hibernate: select t1_0.id,t1_0.created_at,t1_0.name from statuses t1_0
Hibernate: select u1_0.id,u1_0.created_at,u1_0.email,u1_0.first_name,u1_0.last_name,u1_0.password from users u1_0
Hibernate: delete from users where id=?
Hibernate: insert into users (id, created_at, email, first_name, last_name, password) values (default, ?, ?, ?, ?, ?)
Hibernate: select u1_0.id,u1_0.created_at,u1_0.email,u1_0.first_name,u1_0.last_name,u1_0.password from users u1_0 where u1_0.email=?
Hibernate: select u1_0.id,u1_0.created_at,u1_0.email,u1_0.first_name,u1_0.last_name,u1_0.password from users u1_0 where u1_0.id=?
Hibernate: update users set created_at=?, email=?, first_name=?, last_name=?, password=? where id=?
Hibernate: select count(*) from users u1_0 where u1_0.id=?
Hibernate: select u1_0.id,u1_0.created_at,u1_0.email,u1_0.first_name,u1_0.last_name,u1_0.password from users u1_0 where u1_0.email=?
Hibernate: select u1_0.id,u1_0.created_at,u1_0.email,u1_0.first_name,u1_0.last_name,u1_0.password from users u1_0 where u1_0.email=?
Hibernate: select t1_0.id,t1_0.author_id,t1_0.created_at,t1_0.description,t1_0.executor_id,t1_0.name,t1_0.task_status_id from tasks t1_0
Hibernate: select l1_0.id,l1_0.created_at,l1_0.name from labels l1_0
Hibernate: select t1_0.id,t1_0.created_at,t1_0.name from statuses t1_0
Hibernate: select u1_0.id,u1_0.created_at,u1_0.email,u1_0.first_name,u1_0.last_name,u1_0.password from users u1_0
Hibernate: delete from users where id=?
Hibernate: insert into users (id, created_at, email, first_name, last_name, password) values (default, ?, ?, ?, ?, ?)
Hibernate: select u1_0.id,u1_0.created_at,u1_0.email,u1_0.first_name,u1_0.last_name,u1_0.password from users u1_0 where u1_0.email=?
Hibernate: select t1_0.id,t1_0.author_id,t1_0.created_at,t1_0.description,t1_0.executor_id,t1_0.name,t1_0.task_status_id from tasks t1_0
Hibernate: select l1_0.id,l1_0.created_at,l1_0.name from labels l1_0
Hibernate: select t1_0.id,t1_0.created_at,t1_0.name from statuses t1_0
Hibernate: select u1_0.id,u1_0.created_at,u1_0.email,u1_0.first_name,u1_0.last_name,u1_0.password from users u1_0
Hibernate: delete from users where id=?
Hibernate: insert into users (id, created_at, email, first_name, last_name, password) values (default, ?, ?, ?, ?, ?)
Hibernate: select u1_0.id,u1_0.created_at,u1_0.email,u1_0.first_name,u1_0.last_name,u1_0.password from users u1_0 where u1_0.email=?
Hibernate: select u1_0.id,u1_0.created_at,u1_0.email,u1_0.first_name,u1_0.last_name,u1_0.password from users u1_0 where u1_0.id=?
Hibernate: update users set created_at=?, email=?, first_name=?, last_name=?, password=? where id=?
Hibernate: select count(*) from users u1_0 where u1_0.id=?
Hibernate: select u1_0.id,u1_0.created_at,u1_0.email,u1_0.first_name,u1_0.last_name,u1_0.password from users u1_0 where u1_0.email=?
Hibernate: select u1_0.id,u1_0.created_at,u1_0.email,u1_0.first_name,u1_0.last_name,u1_0.password from users u1_0 where u1_0.email=?
Hibernate: select t1_0.id,t1_0.author_id,t1_0.created_at,t1_0.description,t1_0.executor_id,t1_0.name,t1_0.task_status_id from tasks t1_0
Hibernate: select l1_0.id,l1_0.created_at,l1_0.name from labels l1_0
Hibernate: select t1_0.id,t1_0.created_at,t1_0.name from statuses t1_0
Hibernate: select u1_0.id,u1_0.created_at,u1_0.email,u1_0.first_name,u1_0.last_name,u1_0.password from users u1_0
Hibernate: delete from users where id=?
Hibernate: insert into users (id, created_at, email, first_name, last_name, password) values (default, ?, ?, ?, ?, ?)
Hibernate: insert into users (id, created_at, email, first_name, last_name, password) values (default, ?, ?, ?, ?, ?)
Hibernate: select u1_0.id,u1_0.created_at,u1_0.email,u1_0.first_name,u1_0.last_name,u1_0.password from users u1_0 where u1_0.email=?
Hibernate: select u1_0.id,u1_0.created_at,u1_0.email,u1_0.first_name,u1_0.last_name,u1_0.password from users u1_0 where u1_0.id=?
Hibernate: select count(*) from users u1_0
Hibernate: select t1_0.id,t1_0.author_id,t1_0.created_at,t1_0.description,t1_0.executor_id,t1_0.name,t1_0.task_status_id from tasks t1_0
Hibernate: select l1_0.id,l1_0.created_at,l1_0.name from labels l1_0
Hibernate: select t1_0.id,t1_0.created_at,t1_0.name from statuses t1_0
Hibernate: select u1_0.id,u1_0.created_at,u1_0.email,u1_0.first_name,u1_0.last_name,u1_0.password from users u1_0
Hibernate: delete from users where id=?
Hibernate: delete from users where id=?
Hibernate: insert into users (id, created_at, email, first_name, last_name, password) values (default, ?, ?, ?, ?, ?)
Hibernate: insert into users (id, created_at, email, first_name, last_name, password) values (default, ?, ?, ?, ?, ?)
2023-06-02T23:30:56.797+10:00  WARN 48273 --- [    Test worker] o.h.engine.jdbc.spi.SqlExceptionHelper   : SQL Error: 23505, SQLState: 23505
2023-06-02T23:30:56.798+10:00 ERROR 48273 --- [    Test worker] o.h.engine.jdbc.spi.SqlExceptionHelper   : Нарушение уникального индекса или первичного ключа: "PUBLIC.UK_6DOTKOTT2KJSP8VW4D0M25FB7_INDEX_4 ON PUBLIC.USERS(EMAIL) VALUES 23"
Unique index or primary key violation: "PUBLIC.UK_6DOTKOTT2KJSP8VW4D0M25FB7_INDEX_4 ON PUBLIC.USERS(EMAIL) VALUES 23"; SQL statement:
insert into users (id, created_at, email, first_name, last_name, password) values (default, ?, ?, ?, ?, ?) [23505-200]
Hibernate: select t1_0.id,t1_0.author_id,t1_0.created_at,t1_0.description,t1_0.executor_id,t1_0.name,t1_0.task_status_id from tasks t1_0
Hibernate: select l1_0.id,l1_0.created_at,l1_0.name from labels l1_0
Hibernate: select t1_0.id,t1_0.created_at,t1_0.name from statuses t1_0
Hibernate: select u1_0.id,u1_0.created_at,u1_0.email,u1_0.first_name,u1_0.last_name,u1_0.password from users u1_0
Hibernate: delete from users where id=?
Hibernate: insert into users (id, created_at, email, first_name, last_name, password) values (default, ?, ?, ?, ?, ?)
Hibernate: select u1_0.id,u1_0.created_at,u1_0.email,u1_0.first_name,u1_0.last_name,u1_0.password from users u1_0 where u1_0.email=?
Hibernate: select u1_0.id,u1_0.created_at,u1_0.email,u1_0.first_name,u1_0.last_name,u1_0.password from users u1_0 where u1_0.id=?
Hibernate: delete from users where id=?
Hibernate: select count(*) from users u1_0
Hibernate: select u1_0.id,u1_0.created_at,u1_0.email,u1_0.first_name,u1_0.last_name,u1_0.password from users u1_0 where u1_0.email=?
Hibernate: select t1_0.id,t1_0.author_id,t1_0.created_at,t1_0.description,t1_0.executor_id,t1_0.name,t1_0.task_status_id from tasks t1_0
Hibernate: select l1_0.id,l1_0.created_at,l1_0.name from labels l1_0
Hibernate: select t1_0.id,t1_0.created_at,t1_0.name from statuses t1_0
Hibernate: select u1_0.id,u1_0.created_at,u1_0.email,u1_0.first_name,u1_0.last_name,u1_0.password from users u1_0
Hibernate: insert into users (id, created_at, email, first_name, last_name, password) values (default, ?, ?, ?, ?, ?)
Hibernate: select u1_0.id,u1_0.created_at,u1_0.email,u1_0.first_name,u1_0.last_name,u1_0.password from users u1_0
Hibernate: select u1_0.id,u1_0.created_at,u1_0.email,u1_0.first_name,u1_0.last_name,u1_0.password from users u1_0 where u1_0.id=?
Hibernate: select t1_0.id,t1_0.author_id,t1_0.created_at,t1_0.description,t1_0.executor_id,t1_0.name,t1_0.task_status_id from tasks t1_0
Hibernate: select l1_0.id,l1_0.created_at,l1_0.name from labels l1_0
Hibernate: select t1_0.id,t1_0.created_at,t1_0.name from statuses t1_0
Hibernate: select u1_0.id,u1_0.created_at,u1_0.email,u1_0.first_name,u1_0.last_name,u1_0.password from users u1_0
Hibernate: delete from users where id=?
Hibernate: insert into users (id, created_at, email, first_name, last_name, password) values (default, ?, ?, ?, ?, ?)
Hibernate: select u1_0.id,u1_0.created_at,u1_0.email,u1_0.first_name,u1_0.last_name,u1_0.password from users u1_0
Hibernate: select t1_0.id,t1_0.author_id,t1_0.created_at,t1_0.description,t1_0.executor_id,t1_0.name,t1_0.task_status_id from tasks t1_0
Hibernate: select l1_0.id,l1_0.created_at,l1_0.name from labels l1_0
Hibernate: select t1_0.id,t1_0.created_at,t1_0.name from statuses t1_0
Hibernate: select u1_0.id,u1_0.created_at,u1_0.email,u1_0.first_name,u1_0.last_name,u1_0.password from users u1_0
Hibernate: delete from users where id=?
]]></system-out>
  <system-err><![CDATA[]]></system-err>
</testsuite>
